<?xml version="1.0" encoding="UTF-8"?>
<testng-results ignored="0" total="0" passed="0" failed="0" skipped="0">
  <reporter-output>
  </reporter-output>
  <suite started-at="2021-06-13T19:06:46 IST" name="Suite" finished-at="2021-06-13T19:06:47 IST" duration-ms="687">
    <groups>
      <group name="cucumber">
        <method signature="AbstractTestNGCucumberTests.runScenario(io.cucumber.testng.PickleWrapper,io.cucumber.testng.FeatureWrapper)[pri:0, instance:runnerOptions.TestRunner@78e4deb0]" name="runScenario" class="io.cucumber.testng.AbstractTestNGCucumberTests"/>
      </group> <!-- cucumber -->
    </groups>
    <test started-at="2021-06-13T19:06:46 IST" name="Login Validation Test" finished-at="2021-06-13T19:06:47 IST" duration-ms="687">
      <class name="runnerOptions.TestRunner">
        <test-method is-config="true" signature="setUpClass()[pri:0, instance:runnerOptions.TestRunner@78e4deb0]" started-at="2021-06-13T19:06:46 IST" name="setUpClass" finished-at="2021-06-13T19:06:47 IST" duration-ms="592" status="PASS">
          <reporter-output>
          </reporter-output>
        </test-method> <!-- setUpClass -->
        <test-method is-config="true" signature="tearDownClass()[pri:0, instance:runnerOptions.TestRunner@78e4deb0]" started-at="2021-06-13T19:06:47 IST" name="tearDownClass" finished-at="2021-06-13T19:06:47 IST" duration-ms="32" status="PASS">
          <reporter-output>
          </reporter-output>
        </test-method> <!-- tearDownClass -->
      </class> <!-- runnerOptions.TestRunner -->
    </test> <!-- Login Validation Test -->
  </suite> <!-- Suite -->
</testng-results>
